2021-10-19T12:35:10: SyntaxError: Unexpected token } in JSON at position 34
2021-10-19T12:35:10:     at JSON.parse (<anonymous>)
2021-10-19T12:35:10:     at parse (C:\Users\84929\Desktop\Nodejs\node_modules\body-parser\lib\types\json.js:89:19)
2021-10-19T12:35:10:     at C:\Users\84929\Desktop\Nodejs\node_modules\body-parser\lib\read.js:121:18
2021-10-19T12:35:10:     at invokeCallback (C:\Users\84929\Desktop\Nodejs\node_modules\raw-body\index.js:224:16)
2021-10-19T12:35:10:     at done (C:\Users\84929\Desktop\Nodejs\node_modules\raw-body\index.js:213:7)
2021-10-19T12:35:10:     at IncomingMessage.onEnd (C:\Users\84929\Desktop\Nodejs\node_modules\raw-body\index.js:273:7)
2021-10-19T12:35:10:     at IncomingMessage.emit (events.js:412:35)
2021-10-19T12:35:10:     at IncomingMessage.emit (domain.js:470:12)
2021-10-19T12:35:10:     at endReadableNT (internal/streams/readable.js:1317:12)
2021-10-19T12:35:10:     at processTicksAndRejections (internal/process/task_queues.js:82:21)
2021-10-29T22:31:03: CastError: Cast to ObjectId failed for value "614791ac499f70eda22df39" (type string) at path "_id" for model "User"
2021-10-29T22:31:03:     at model.Query.exec (C:\Users\84929\app-chat-api\app-chat\node_modules\mongoose\lib\query.js:4540:21)
2021-10-29T22:31:03:     at model.Query.Query.then (C:\Users\84929\app-chat-api\app-chat\node_modules\mongoose\lib\query.js:4639:15)
2021-10-29T22:31:03:     at processTicksAndRejections (internal/process/task_queues.js:95:5) {
2021-10-29T22:31:03:   messageFormat: undefined,
2021-10-29T22:31:03:   stringValue: '"614791ac499f70eda22df39"',
2021-10-29T22:31:03:   kind: 'ObjectId',
2021-10-29T22:31:03:   value: '614791ac499f70eda22df39',
2021-10-29T22:31:03:   path: '_id',
2021-10-29T22:31:03:   reason: TypeError: Argument passed in must be a Buffer or string of 12 bytes or a string of 24 hex characters
2021-10-29T22:31:03:       at new ObjectId (C:\Users\84929\app-chat-api\app-chat\node_modules\bson\lib\objectid.js:61:23)
2021-10-29T22:31:03:       at castObjectId (C:\Users\84929\app-chat-api\app-chat\node_modules\mongoose\lib\cast\objectid.js:25:12)
2021-10-29T22:31:03:       at ObjectId.cast (C:\Users\84929\app-chat-api\app-chat\node_modules\mongoose\lib\schema\objectid.js:246:12)
2021-10-29T22:31:03:       at ObjectId.SchemaType.applySetters (C:\Users\84929\app-chat-api\app-chat\node_modules\mongoose\lib\schematype.js:1122:12)
2021-10-29T22:31:03:       at ObjectId.SchemaType._castForQuery (C:\Users\84929\app-chat-api\app-chat\node_modules\mongoose\lib\schematype.js:1553:15)
2021-10-29T22:31:03:       at ObjectId.SchemaType.castForQuery (C:\Users\84929\app-chat-api\app-chat\node_modules\mongoose\lib\schematype.js:1543:15)
2021-10-29T22:31:03:       at ObjectId.SchemaType.castForQueryWrapper (C:\Users\84929\app-chat-api\app-chat\node_modules\mongoose\lib\schematype.js:1520:20)
2021-10-29T22:31:03:       at cast (C:\Users\84929\app-chat-api\app-chat\node_modules\mongoose\lib\cast.js:338:32)
2021-10-29T22:31:03:       at model.Query.Query.cast (C:\Users\84929\app-chat-api\app-chat\node_modules\mongoose\lib\query.js:4963:12)
2021-10-29T22:31:03:       at model.Query.Query._castConditions (C:\Users\84929\app-chat-api\app-chat\node_modules\mongoose\lib\query.js:2055:10),
2021-10-29T22:31:03:   valueType: 'string'
2021-10-29T22:31:03: }
2021-10-30T00:01:03: TypeError: Cannot read property 'path' of undefined
2021-10-30T00:01:03:     at Object.uploadFile (C:\Users\84929\app-chat-api\app-chat\dist\service\aws.service.js:27:49)
2021-10-30T00:01:03:     at C:\Users\84929\app-chat-api\app-chat\dist\controller\uploadfile.controller.js:43:61
2021-10-30T00:01:03:     at Generator.next (<anonymous>)
2021-10-30T00:01:03:     at C:\Users\84929\app-chat-api\app-chat\dist\controller\uploadfile.controller.js:8:71
2021-10-30T00:01:03:     at new Promise (<anonymous>)
2021-10-30T00:01:03:     at __awaiter (C:\Users\84929\app-chat-api\app-chat\dist\controller\uploadfile.controller.js:4:12)
2021-10-30T00:01:03:     at uploadAvtar (C:\Users\84929\app-chat-api\app-chat\dist\controller\uploadfile.controller.js:41:16)
2021-10-30T00:01:03:     at Layer.handle [as handle_request] (C:\Users\84929\app-chat-api\app-chat\node_modules\express\lib\router\layer.js:95:5)
2021-10-30T00:01:03:     at next (C:\Users\84929\app-chat-api\app-chat\node_modules\express\lib\router\route.js:137:13)
2021-10-30T00:01:03:     at C:\Users\84929\app-chat-api\app-chat\dist\service\user.service.js:63:21
2021-10-30T00:03:58: TypeError: Cannot read property 'path' of undefined
2021-10-30T00:03:58:     at Object.uploadFile (C:\Users\84929\app-chat-api\app-chat\dist\service\aws.service.js:27:49)
2021-10-30T00:03:58:     at C:\Users\84929\app-chat-api\app-chat\dist\controller\uploadfile.controller.js:43:61
2021-10-30T00:03:58:     at Generator.next (<anonymous>)
2021-10-30T00:03:58:     at C:\Users\84929\app-chat-api\app-chat\dist\controller\uploadfile.controller.js:8:71
2021-10-30T00:03:58:     at new Promise (<anonymous>)
2021-10-30T00:03:58:     at __awaiter (C:\Users\84929\app-chat-api\app-chat\dist\controller\uploadfile.controller.js:4:12)
2021-10-30T00:03:58:     at uploadAvtar (C:\Users\84929\app-chat-api\app-chat\dist\controller\uploadfile.controller.js:41:16)
2021-10-30T00:03:58:     at Layer.handle [as handle_request] (C:\Users\84929\app-chat-api\app-chat\node_modules\express\lib\router\layer.js:95:5)
2021-10-30T00:03:58:     at next (C:\Users\84929\app-chat-api\app-chat\node_modules\express\lib\router\route.js:137:13)
2021-10-30T00:03:58:     at C:\Users\84929\app-chat-api\app-chat\dist\service\user.service.js:63:21
2021-10-30T15:46:30: CastError: Cast to ObjectId failed for value "ping" (type string) at path "_id" for model "User"
2021-10-30T15:46:30:     at model.Query.exec (C:\Users\84929\app-chat-api\app-chat\node_modules\mongoose\lib\query.js:4540:21)
2021-10-30T15:46:30:     at model.Query.Query.then (C:\Users\84929\app-chat-api\app-chat\node_modules\mongoose\lib\query.js:4639:15)
2021-10-30T15:46:30:     at processTicksAndRejections (internal/process/task_queues.js:95:5) {
2021-10-30T15:46:30:   messageFormat: undefined,
2021-10-30T15:46:30:   stringValue: '"ping"',
2021-10-30T15:46:30:   kind: 'ObjectId',
2021-10-30T15:46:30:   value: 'ping',
2021-10-30T15:46:30:   path: '_id',
2021-10-30T15:46:30:   reason: TypeError: Argument passed in must be a Buffer or string of 12 bytes or a string of 24 hex characters
2021-10-30T15:46:30:       at new ObjectId (C:\Users\84929\app-chat-api\app-chat\node_modules\bson\lib\objectid.js:61:23)
2021-10-30T15:46:30:       at castObjectId (C:\Users\84929\app-chat-api\app-chat\node_modules\mongoose\lib\cast\objectid.js:25:12)
2021-10-30T15:46:30:       at ObjectId.cast (C:\Users\84929\app-chat-api\app-chat\node_modules\mongoose\lib\schema\objectid.js:246:12)
2021-10-30T15:46:30:       at ObjectId.SchemaType.applySetters (C:\Users\84929\app-chat-api\app-chat\node_modules\mongoose\lib\schematype.js:1122:12)
2021-10-30T15:46:30:       at ObjectId.SchemaType._castForQuery (C:\Users\84929\app-chat-api\app-chat\node_modules\mongoose\lib\schematype.js:1553:15)
2021-10-30T15:46:30:       at ObjectId.SchemaType.castForQuery (C:\Users\84929\app-chat-api\app-chat\node_modules\mongoose\lib\schematype.js:1543:15)
2021-10-30T15:46:30:       at ObjectId.SchemaType.castForQueryWrapper (C:\Users\84929\app-chat-api\app-chat\node_modules\mongoose\lib\schematype.js:1520:20)
2021-10-30T15:46:30:       at cast (C:\Users\84929\app-chat-api\app-chat\node_modules\mongoose\lib\cast.js:338:32)
2021-10-30T15:46:30:       at model.Query.Query.cast (C:\Users\84929\app-chat-api\app-chat\node_modules\mongoose\lib\query.js:4963:12)
2021-10-30T15:46:30:       at model.Query.Query._castConditions (C:\Users\84929\app-chat-api\app-chat\node_modules\mongoose\lib\query.js:2055:10),
2021-10-30T15:46:30:   valueType: 'string'
2021-10-30T15:46:30: }
2021-10-30T15:46:43: CastError: Cast to ObjectId failed for value "ping" (type string) at path "_id" for model "User"
2021-10-30T15:46:43:     at model.Query.exec (C:\Users\84929\app-chat-api\app-chat\node_modules\mongoose\lib\query.js:4540:21)
2021-10-30T15:46:43:     at model.Query.Query.then (C:\Users\84929\app-chat-api\app-chat\node_modules\mongoose\lib\query.js:4639:15)
2021-10-30T15:46:43:     at processTicksAndRejections (internal/process/task_queues.js:95:5) {
2021-10-30T15:46:43:   messageFormat: undefined,
2021-10-30T15:46:43:   stringValue: '"ping"',
2021-10-30T15:46:43:   kind: 'ObjectId',
2021-10-30T15:46:43:   value: 'ping',
2021-10-30T15:46:43:   path: '_id',
2021-10-30T15:46:43:   reason: TypeError: Argument passed in must be a Buffer or string of 12 bytes or a string of 24 hex characters
2021-10-30T15:46:43:       at new ObjectId (C:\Users\84929\app-chat-api\app-chat\node_modules\bson\lib\objectid.js:61:23)
2021-10-30T15:46:43:       at castObjectId (C:\Users\84929\app-chat-api\app-chat\node_modules\mongoose\lib\cast\objectid.js:25:12)
2021-10-30T15:46:43:       at ObjectId.cast (C:\Users\84929\app-chat-api\app-chat\node_modules\mongoose\lib\schema\objectid.js:246:12)
2021-10-30T15:46:43:       at ObjectId.SchemaType.applySetters (C:\Users\84929\app-chat-api\app-chat\node_modules\mongoose\lib\schematype.js:1122:12)
2021-10-30T15:46:43:       at ObjectId.SchemaType._castForQuery (C:\Users\84929\app-chat-api\app-chat\node_modules\mongoose\lib\schematype.js:1553:15)
2021-10-30T15:46:43:       at ObjectId.SchemaType.castForQuery (C:\Users\84929\app-chat-api\app-chat\node_modules\mongoose\lib\schematype.js:1543:15)
2021-10-30T15:46:43:       at ObjectId.SchemaType.castForQueryWrapper (C:\Users\84929\app-chat-api\app-chat\node_modules\mongoose\lib\schematype.js:1520:20)
2021-10-30T15:46:43:       at cast (C:\Users\84929\app-chat-api\app-chat\node_modules\mongoose\lib\cast.js:338:32)
2021-10-30T15:46:43:       at model.Query.Query.cast (C:\Users\84929\app-chat-api\app-chat\node_modules\mongoose\lib\query.js:4963:12)
2021-10-30T15:46:43:       at model.Query.Query._castConditions (C:\Users\84929\app-chat-api\app-chat\node_modules\mongoose\lib\query.js:2055:10),
2021-10-30T15:46:43:   valueType: 'string'
2021-10-30T15:46:43: }
2021-10-30T16:25:01: TypeError: Cannot read property 'path' of undefined
2021-10-30T16:25:01:     at Object.uploadFile (C:\Users\84929\app-chat-api\app-chat\dist\service\aws.service.js:27:49)
2021-10-30T16:25:01:     at C:\Users\84929\app-chat-api\app-chat\dist\controller\uploadfile.controller.js:43:61
2021-10-30T16:25:01:     at Generator.next (<anonymous>)
2021-10-30T16:25:01:     at C:\Users\84929\app-chat-api\app-chat\dist\controller\uploadfile.controller.js:8:71
2021-10-30T16:25:01:     at new Promise (<anonymous>)
2021-10-30T16:25:01:     at __awaiter (C:\Users\84929\app-chat-api\app-chat\dist\controller\uploadfile.controller.js:4:12)
2021-10-30T16:25:01:     at uploadAvtar (C:\Users\84929\app-chat-api\app-chat\dist\controller\uploadfile.controller.js:41:16)
2021-10-30T16:25:01:     at Layer.handle [as handle_request] (C:\Users\84929\app-chat-api\app-chat\node_modules\express\lib\router\layer.js:95:5)
2021-10-30T16:25:01:     at next (C:\Users\84929\app-chat-api\app-chat\node_modules\express\lib\router\route.js:137:13)
2021-10-30T16:25:01:     at C:\Users\84929\app-chat-api\app-chat\dist\service\user.service.js:63:21
2021-10-30T16:27:25: TypeError: Cannot read property 'path' of undefined
2021-10-30T16:27:25:     at Object.uploadFile (C:\Users\84929\app-chat-api\app-chat\dist\service\aws.service.js:27:49)
2021-10-30T16:27:25:     at C:\Users\84929\app-chat-api\app-chat\dist\controller\uploadfile.controller.js:43:61
2021-10-30T16:27:25:     at Generator.next (<anonymous>)
2021-10-30T16:27:25:     at C:\Users\84929\app-chat-api\app-chat\dist\controller\uploadfile.controller.js:8:71
2021-10-30T16:27:25:     at new Promise (<anonymous>)
2021-10-30T16:27:25:     at __awaiter (C:\Users\84929\app-chat-api\app-chat\dist\controller\uploadfile.controller.js:4:12)
2021-10-30T16:27:25:     at uploadAvtar (C:\Users\84929\app-chat-api\app-chat\dist\controller\uploadfile.controller.js:41:16)
2021-10-30T16:27:25:     at Layer.handle [as handle_request] (C:\Users\84929\app-chat-api\app-chat\node_modules\express\lib\router\layer.js:95:5)
2021-10-30T16:27:25:     at next (C:\Users\84929\app-chat-api\app-chat\node_modules\express\lib\router\route.js:137:13)
2021-10-30T16:27:25:     at C:\Users\84929\app-chat-api\app-chat\dist\service\user.service.js:63:21
